2023-08-02 20:30:25,951 [Worker-2: Loading available Gradle versions] INFO  o.e.b.c.i.u.g.PublishedGradleVersions - Gradle version information cache is up-to-date. Trying to read.
2023-08-02 20:32:00,014 [Worker-0: Import Getting Started Content] INFO  o.e.m.c.i.l.LifecycleMappingFactory - Using org.eclipse.m2e.jdt.JarLifecycleMapping lifecycle mapping for MavenProject: com.springboot.inmuebles:microservicio-inmuebles:0.0.1-SNAPSHOT @ C:\Users\Fran\Documents\Cursos\udemy-inmuebles\spring\microservicio-inmuebles\pom.xml.
2023-08-02 20:32:01,981 [Worker-0: Import Getting Started Content] INFO  o.e.m.j.i.AbstractJavaProjectConfigurator - Adding source folder /microservicio-inmuebles/src/main/java
2023-08-02 20:32:01,982 [Worker-0: Import Getting Started Content] INFO  o.e.m.j.i.AbstractJavaProjectConfigurator - Adding resource folder /microservicio-inmuebles/src/main/resources
2023-08-02 20:32:01,991 [Worker-0: Import Getting Started Content] INFO  o.e.m.j.i.AbstractJavaProjectConfigurator - Adding resource folder /microservicio-inmuebles/src/main/resources
2023-08-02 20:32:02,004 [Worker-0: Import Getting Started Content] INFO  o.e.m.j.i.AbstractJavaProjectConfigurator - Adding source folder /microservicio-inmuebles/src/test/java
2023-08-02 20:32:03,404 [Worker-0: Import Getting Started Content] INFO  o.e.m.c.i.p.ProjectConfigurationManager - Imported and configured 1 project(s) in 6 sec
2023-08-02 20:32:03,411 [Worker-0: Import Getting Started Content] INFO  o.e.m.c.i.p.ProjectConfigurationManager - Update started
2023-08-02 20:32:04,149 [Worker-0: Import Getting Started Content] INFO  o.e.m.c.i.l.LifecycleMappingFactory - Using org.eclipse.m2e.jdt.JarLifecycleMapping lifecycle mapping for MavenProject: com.springboot.inmuebles:microservicio-inmuebles:0.0.1-SNAPSHOT @ C:\Users\Fran\Documents\Cursos\udemy-inmuebles\spring\microservicio-inmuebles\pom.xml.
2023-08-02 20:32:05,643 [Worker-0: Import Getting Started Content] INFO  o.e.m.j.i.AbstractJavaProjectConfigurator - Adding source folder /microservicio-inmuebles/src/main/java
2023-08-02 20:32:05,644 [Worker-0: Import Getting Started Content] INFO  o.e.m.j.i.AbstractJavaProjectConfigurator - Adding resource folder /microservicio-inmuebles/src/main/resources
2023-08-02 20:32:05,644 [Worker-0: Import Getting Started Content] INFO  o.e.m.j.i.AbstractJavaProjectConfigurator - Adding resource folder /microservicio-inmuebles/src/main/resources
2023-08-02 20:32:05,645 [Worker-0: Import Getting Started Content] INFO  o.e.m.j.i.AbstractJavaProjectConfigurator - Adding source folder /microservicio-inmuebles/src/test/java
2023-08-02 20:32:06,344 [Worker-0: Import Getting Started Content] INFO  o.e.m.c.i.p.ProjectConfigurationManager - Update completed: 2 sec
2023-08-02 20:32:08,066 [Worker-4: Building] INFO  o.e.m.c.i.embedder.EclipseLogger - Using 'UTF-8' encoding to copy filtered resources.
2023-08-02 20:32:08,066 [Worker-4: Building] INFO  o.e.m.c.i.embedder.EclipseLogger - Using 'UTF-8' encoding to copy filtered properties files.
2023-08-02 20:32:08,073 [Worker-4: Building] INFO  o.e.m.c.i.embedder.EclipseLogger - Copying 1 resource
2023-08-02 20:32:08,092 [Worker-4: Building] INFO  o.e.m.c.i.embedder.EclipseLogger - Copying 0 resource
2023-08-02 20:32:08,096 [Worker-4: Building] INFO  o.e.m.c.i.embedder.EclipseLogger - Using 'UTF-8' encoding to copy filtered resources.
2023-08-02 20:32:08,096 [Worker-4: Building] INFO  o.e.m.c.i.embedder.EclipseLogger - Using 'UTF-8' encoding to copy filtered properties files.
2023-08-02 20:32:08,096 [Worker-4: Building] INFO  o.e.m.c.i.embedder.EclipseLogger - skip non existing resourceDirectory C:\Users\Fran\Documents\Cursos\udemy-inmuebles\spring\microservicio-inmuebles\src\test\resources
2023-08-02 20:34:16,127 [Worker-5: Building] INFO  o.e.m.c.i.embedder.EclipseLogger - Using 'UTF-8' encoding to copy filtered resources.
2023-08-02 20:34:16,127 [Worker-5: Building] INFO  o.e.m.c.i.embedder.EclipseLogger - Using 'UTF-8' encoding to copy filtered properties files.
2023-08-02 20:34:16,131 [Worker-5: Building] INFO  o.e.m.c.i.embedder.EclipseLogger - Copying 1 resource
2023-08-02 20:34:16,134 [Worker-5: Building] INFO  o.e.m.c.i.embedder.EclipseLogger - Copying 0 resource
2023-08-02 20:34:16,150 [Worker-5: Building] INFO  o.e.m.c.i.embedder.EclipseLogger - Using 'UTF-8' encoding to copy filtered resources.
2023-08-02 20:34:16,151 [Worker-5: Building] INFO  o.e.m.c.i.embedder.EclipseLogger - Using 'UTF-8' encoding to copy filtered properties files.
2023-08-02 20:34:16,151 [Worker-5: Building] INFO  o.e.m.c.i.embedder.EclipseLogger - skip non existing resourceDirectory C:\Users\Fran\Documents\Cursos\udemy-inmuebles\spring\microservicio-inmuebles\src\test\resources
2023-08-02 20:34:24,865 [Worker-12: Rebuilding] INFO  o.e.m.c.i.embedder.EclipseLogger - Using 'UTF-8' encoding to copy filtered resources.
2023-08-02 20:34:24,866 [Worker-12: Rebuilding] INFO  o.e.m.c.i.embedder.EclipseLogger - Using 'UTF-8' encoding to copy filtered properties files.
2023-08-02 20:34:24,866 [Worker-12: Rebuilding] INFO  o.e.m.c.i.embedder.EclipseLogger - Copying 1 resource
2023-08-02 20:34:24,873 [Worker-12: Rebuilding] INFO  o.e.m.c.i.embedder.EclipseLogger - Copying 0 resource
2023-08-02 20:34:24,878 [Worker-12: Rebuilding] INFO  o.e.m.c.i.embedder.EclipseLogger - Using 'UTF-8' encoding to copy filtered resources.
2023-08-02 20:34:24,878 [Worker-12: Rebuilding] INFO  o.e.m.c.i.embedder.EclipseLogger - Using 'UTF-8' encoding to copy filtered properties files.
2023-08-02 20:34:24,878 [Worker-12: Rebuilding] INFO  o.e.m.c.i.embedder.EclipseLogger - skip non existing resourceDirectory C:\Users\Fran\Documents\Cursos\udemy-inmuebles\spring\microservicio-inmuebles\src\test\resources
